[INFO ] 2019-05-09 16:02:23.347 - ---
[INFO ] 2019-05-09 16:02:23.351 - ---
[INFO ] 2019-05-09 16:02:23.351 - EJECUTANDO PRUEBAS UNITARIAS
[INFO ] 2019-05-09 16:02:23.440 - Llamada #Q8bHIp5M5q asignada al OPERADOR con id #vex84OLK98
[INFO ] 2019-05-09 16:02:23.440 - Llamada #xRNPcPcJpM asignada al OPERADOR con id #1wwmCEbf8F
[INFO ] 2019-05-09 16:02:23.442 - Llamada #2KGoStoX1g asignada al OPERADOR con id #m0NipKIMPk
[INFO ] 2019-05-09 16:02:23.442 - Llamada #78BHmUiJXo asignada al OPERADOR con id #qBgidHA9Fx
[INFO ] 2019-05-09 16:02:23.444 - Llamada #F17o8RIftJ asignada al SUPERVISOR con id #q9y5VdtpLP
[INFO ] 2019-05-09 16:02:23.445 - Llamada #ZRuyK0Ckht asignada al SUPERVISOR con id #I5pQTL0XaN
[INFO ] 2019-05-09 16:02:23.446 - Llamada #5e0YK0Xvcw asignada al SUPERVISOR con id #GbKWMdkEqD
[INFO ] 2019-05-09 16:02:23.456 - Llamada #Z82SJOXy75 asignada al SUPERVISOR con id #ZUAgzxTgy5
[INFO ] 2019-05-09 16:02:23.461 - Llamada #keJ8ETAuz5 asignada al DIRECTOR con id #lKp5N4h3wN
[INFO ] 2019-05-09 16:02:23.464 - Llamada #PHdcNIqxGf asignada al DIRECTOR con id #jVnpjMNNaA
[INFO ] 2019-05-09 16:02:24.472 - Reintentando asignación de llamada #jqjhvh8B2Z a empleado no ocupado...
[INFO ] 2019-05-09 16:02:25.474 - Reintentando asignación de llamada #jqjhvh8B2Z a empleado no ocupado...
[INFO ] 2019-05-09 16:02:25.474 - No se pudo asignar la llamada #jqjhvh8B2Z a un empleado. Reintentar mas tarde.
[INFO ] 2019-05-09 16:02:26.474 - Reintentando asignación de llamada #pHQQmqZMTh a empleado no ocupado...
[INFO ] 2019-05-09 16:02:27.475 - Reintentando asignación de llamada #pHQQmqZMTh a empleado no ocupado...
[INFO ] 2019-05-09 16:02:27.475 - No se pudo asignar la llamada #pHQQmqZMTh a un empleado. Reintentar mas tarde.
[INFO ] 2019-05-09 16:02:28.477 - Reintentando asignación de llamada #HL3gWJ02Un a empleado no ocupado...
[INFO ] 2019-05-09 16:02:29.480 - Reintentando asignación de llamada #HL3gWJ02Un a empleado no ocupado...
[INFO ] 2019-05-09 16:02:29.480 - No se pudo asignar la llamada #HL3gWJ02Un a un empleado. Reintentar mas tarde.
[INFO ] 2019-05-09 16:02:29.480 - Llamada #Qa0gEji9mq asignada al OPERADOR con id #1wwmCEbf8F
[INFO ] 2019-05-09 16:02:29.481 - Llamada #4MqIsMR6kv asignada al OPERADOR con id #m0NipKIMPk
[INFO ] 2019-05-09 16:02:29.482 - Llamada #AAHMScgULI asignada al SUPERVISOR con id #I5pQTL0XaN
[INFO ] 2019-05-09 16:02:30.483 - Reintentando asignación de llamada #uJsi9l5uyJ a empleado no ocupado...
[INFO ] 2019-05-09 16:02:30.484 - Llamada #uJsi9l5uyJ asignada al SUPERVISOR con id #ZUAgzxTgy5
[INFO ] 2019-05-09 16:02:31.484 - Reintentando asignación de llamada #t66oY9nPau a empleado no ocupado...
[INFO ] 2019-05-09 16:02:31.486 - Llamada #t66oY9nPau asignada al SUPERVISOR con id #GbKWMdkEqD
[INFO ] 2019-05-09 16:02:31.487 - Llamada #SxHOauIdip asignada al DIRECTOR con id #lKp5N4h3wN
[INFO ] 2019-05-09 16:02:31.491 - Llamada #YJKEQmmpBZ asignada al DIRECTOR con id #jVnpjMNNaA
[INFO ] 2019-05-09 16:02:32.494 - Reintentando asignación de llamada #zM11eC8Bju a empleado no ocupado...
[INFO ] 2019-05-09 16:02:32.495 - Llamada #zM11eC8Bju asignada al OPERADOR con id #qBgidHA9Fx
[INFO ] 2019-05-09 16:02:33.496 - Reintentando asignación de llamada #3PjbffzoUW a empleado no ocupado...
[INFO ] 2019-05-09 16:02:34.497 - Reintentando asignación de llamada #3PjbffzoUW a empleado no ocupado...
[INFO ] 2019-05-09 16:02:34.498 - No se pudo asignar la llamada #3PjbffzoUW a un empleado. Reintentar mas tarde.
[INFO ] 2019-05-09 16:02:34.498 - Llamada #f84gYma74a asignada al OPERADOR con id #vex84OLK98
[INFO ] 2019-05-09 16:02:34.499 - Llamada #E3Faq3cFRn asignada al SUPERVISOR con id #q9y5VdtpLP
[INFO ] 2019-05-09 16:02:35.512 - Reintentando asignación de llamada #xFrqMkF5Fq a empleado no ocupado...
[INFO ] 2019-05-09 16:02:36.513 - Reintentando asignación de llamada #xFrqMkF5Fq a empleado no ocupado...
[INFO ] 2019-05-09 16:02:36.513 - No se pudo asignar la llamada #xFrqMkF5Fq a un empleado. Reintentar mas tarde.
[INFO ] 2019-05-09 16:02:37.515 - Reintentando asignación de llamada #oAQeNjuyo2 a empleado no ocupado...
[INFO ] 2019-05-09 16:02:37.516 - Llamada #oAQeNjuyo2 asignada al OPERADOR con id #m0NipKIMPk
[INFO ] 2019-05-09 16:02:38.516 - Reintentando asignación de llamada #th6OD9vaOI a empleado no ocupado...
[INFO ] 2019-05-09 16:02:38.517 - Llamada #th6OD9vaOI asignada al SUPERVISOR con id #ZUAgzxTgy5
[INFO ] 2019-05-09 16:02:39.517 - Reintentando asignación de llamada #HhGHAxCr8K a empleado no ocupado...
[INFO ] 2019-05-09 16:02:39.517 - Llamada #HhGHAxCr8K asignada al OPERADOR con id #1wwmCEbf8F
[INFO ] 2019-05-09 16:02:39.517 - Llamada #TqM3E6UzxD asignada al DIRECTOR con id #lKp5N4h3wN
[INFO ] 2019-05-09 16:02:40.520 - Reintentando asignación de llamada #lEEZzEA1sM a empleado no ocupado...
[INFO ] 2019-05-09 16:02:40.524 - Llamada #lEEZzEA1sM asignada al SUPERVISOR con id #I5pQTL0XaN
[INFO ] 2019-05-09 16:02:40.525 - Llamada #ayf2Yf8qiR asignada al SUPERVISOR con id #GbKWMdkEqD
[INFO ] 2019-05-09 16:02:41.528 - Reintentando asignación de llamada #wVNh3haixj a empleado no ocupado...
[INFO ] 2019-05-09 16:02:41.529 - Llamada #wVNh3haixj asignada al SUPERVISOR con id #q9y5VdtpLP
[INFO ] 2019-05-09 16:02:41.530 - Llamada #qtoSXcsBHS asignada al DIRECTOR con id #jVnpjMNNaA
[INFO ] 2019-05-09 16:02:42.531 - Reintentando asignación de llamada #STER0e2kpT a empleado no ocupado...
[INFO ] 2019-05-09 16:02:42.532 - Llamada #STER0e2kpT asignada al OPERADOR con id #vex84OLK98
[INFO ] 2019-05-09 16:02:42.532 - Llamada #SpnLuVdHRa asignada al OPERADOR con id #qBgidHA9Fx
[INFO ] 2019-05-09 16:02:43.533 - Reintentando asignación de llamada #1zrp5bbrbi a empleado no ocupado...
[INFO ] 2019-05-09 16:02:44.534 - Reintentando asignación de llamada #1zrp5bbrbi a empleado no ocupado...
[INFO ] 2019-05-09 16:02:44.535 - No se pudo asignar la llamada #1zrp5bbrbi a un empleado. Reintentar mas tarde.
[INFO ] 2019-05-09 16:02:45.535 - Reintentando asignación de llamada #0rATi8c5UO a empleado no ocupado...
[INFO ] 2019-05-09 16:02:45.535 - Llamada #0rATi8c5UO asignada al OPERADOR con id #1wwmCEbf8F
[INFO ] 2019-05-09 16:02:46.536 - Reintentando asignación de llamada #3tk10kspot a empleado no ocupado...
[INFO ] 2019-05-09 16:02:46.536 - Llamada #3tk10kspot asignada al SUPERVISOR con id #ZUAgzxTgy5
[INFO ] 2019-05-09 16:02:46.537 - Llamada #K8L1iITSzC asignada al DIRECTOR con id #lKp5N4h3wN
[INFO ] 2019-05-09 16:02:47.538 - Reintentando asignación de llamada #OYXPIP3ZQ6 a empleado no ocupado...
[INFO ] 2019-05-09 16:02:47.539 - Llamada #OYXPIP3ZQ6 asignada al SUPERVISOR con id #GbKWMdkEqD
[INFO ] 2019-05-09 16:02:47.543 - ---
[INFO ] 2019-05-09 16:02:47.545 - ---
[INFO ] 2019-05-09 16:02:47.545 - FINALIZANDO PRUEBAS UNITARIAS
